ã€é”™è¯¯SQLã€‘
SELECT count(1) FROM `xinhu_` a left join `xinhu_flow_set` b on a.setid=b.id WHERE 1=1  2ÿÏgÿ~

ã€åŸå› ã€‘
You have an error in your SQL syntax; check the manual that corresponds to your MySQL server version for the right syntax to use near '2??g?~' at line 1

ã€URLã€‘
http://localhost/newxinhu/index.php?a=publicstore&m=flow&d=main&ajaxbool=true&rnd=624745

ã€POSTã€‘
[tablename_abc]ï¼šmd0edm0efd0eel0edd0hm0ik0ie0mk0ke0lj0efe0md0le0il0il03
[defaultorder]ï¼šid desc
[keywhere]ï¼š
[where]ï¼špq0po0mk0iho0ok0oi0nn0ijj0qh0pp0pj0iij0qh0oi0nm0mo0oo0ihk0mp0mp07
[sort]ï¼š
[dir]ï¼š
[loadci]ï¼š6
[storebeforeaction]ï¼šflowwherebefore
[storeafteraction]ï¼šflowwhereafter
[modenum]ï¼š
[start]ï¼š0
[page]ï¼š1
[limit]ï¼š15

ã€IPã€‘
::1

ã€æµè§ˆå™¨ã€‘
Mozilla/5.0 (Windows NT 10.0; WOW64) AppleWebKit/537.36 (KHTML, like Gecko) Chrome/65.0.3325.162 Safari/537.36