ã€é”™è¯¯SQLã€‘
select * from xinhu_á where 1=1 and `setid`=-1     order by  sort asc

ã€åŸå› ã€‘
You have an error in your SQL syntax; check the manual that corresponds to your MySQL server version for the right syntax to use near '? where 1=1 and `setid`=-1     order by  sort asc' at line 1

ã€URLã€‘
http://localhost/newxinhu/index.php?a=publicstore&m=flow&d=main&ajaxbool=true&rnd=484561

ã€POSTã€‘
[tablename_abc]ï¼šne0fen0fge0ffm0fee0in0jl0ffk0ne0ml0jh0in04
[defaultorder]ï¼š
[keywhere]ï¼š
[where]ï¼š
[sort]ï¼šsort
[dir]ï¼šasc
[loadci]ï¼š1
[storebeforeaction]ï¼šflowmenubefore
[storeafteraction]ï¼šflowmenuafter
[modenum]ï¼š
[start]ï¼š0
[page]ï¼š1
[limit]ï¼š0
[mid]ï¼š-1

ã€IPã€‘
::1

ã€æµè§ˆå™¨ã€‘
Mozilla/5.0 (Windows NT 10.0; WOW64) AppleWebKit/537.36 (KHTML, like Gecko) Chrome/65.0.3325.162 Safari/537.36