【错误SQL】
select a.*,b.num as modenum,b.name as modename from `xinhu_` a left join `xinhu_flow_set` b on a.setid=b.id where 1=1      order by id desc    limit 0,15

【原因】
Table 'newxinhu.xinhu_' doesn't exist

【URL】
http://localhost/newxinhu/index.php?a=publicstore&m=flow&d=main&ajaxbool=true&rnd=624745

【POST】
[tablename_abc]：md0edm0efd0eel0edd0hm0ik0ie0mk0ke0lj0efe0md0le0il0il03
[defaultorder]：id desc
[keywhere]：
[where]：
[sort]：
[dir]：
[loadci]：1
[storebeforeaction]：flowwherebefore
[storeafteraction]：flowwhereafter
[modenum]：
[start]：0
[page]：1
[limit]：15

【IP】
::1

【浏览器】
Mozilla/5.0 (Windows NT 10.0; WOW64) AppleWebKit/537.36 (KHTML, like Gecko) Chrome/65.0.3325.162 Safari/537.36