【错误SQL】
SELECT count(1) FROM xinhu_p WHERE 1=1

【原因】
Table 'newxinhu.xinhu_p' doesn't exist

【URL】
http://localhost/newxinhu/index.php?a=publicstore&m=flow&d=main&ajaxbool=true&rnd=501547

【POST】
[tablename_abc]：xo0pox0pqo0ppw0poo0sx0tv0pou0xw0pox0vo0ppu0xo0wp0tw0tw014
[defaultorder]：`sort`
[keywhere]：
[where]：vw0vu0sq0onu0uq0uo0tt0oow0wu0vu0vp0onq0vn0vr0ts0sv013
[sort]：
[dir]：
[loadci]：1
[storebeforeaction]：
[storeafteraction]：
[modenum]：
[start]：0
[page]：1
[limit]：0

【IP】
::1

【浏览器】
Mozilla/5.0 (Windows NT 10.0; WOW64) AppleWebKit/537.36 (KHTML, like Gecko) Chrome/65.0.3325.162 Safari/537.36