ã€é”™è¯¯SQLã€‘
select a.*,b.num as modenum,b.name as modename from `xinhu_` a left join `xinhu_flow_set` b on a.setid=b.id where 1=1  $Á    order by id desc    limit 0,15

ã€åŸå› ã€‘
You have an error in your SQL syntax; check the manual that corresponds to your MySQL server version for the right syntax to use near '$?    order by id desc    limit 0,15' at line 1

ã€URLã€‘
http://localhost/newxinhu/index.php?a=publicstore&m=flow&d=main&ajaxbool=true&rnd=624745

ã€POSTã€‘
[tablename_abc]ï¼šmd0edm0efd0eel0edd0hm0ik0ie0mk0ke0lj0efe0md0le0il0il03
[defaultorder]ï¼šid desc
[keywhere]ï¼š
[where]ï¼šqr0qp0nl0jip0pl0pj0oo0jkk0ri0qq0qk0jjk0ri0pj0on0np0pq0jkk0jil0nq08
[sort]ï¼š
[dir]ï¼š
[loadci]ï¼š5
[storebeforeaction]ï¼šflowwherebefore
[storeafteraction]ï¼šflowwhereafter
[modenum]ï¼š
[start]ï¼š0
[page]ï¼š1
[limit]ï¼š15

ã€IPã€‘
::1

ã€æµè§ˆå™¨ã€‘
Mozilla/5.0 (Windows NT 10.0; WOW64) AppleWebKit/537.36 (KHTML, like Gecko) Chrome/65.0.3325.162 Safari/537.36