ã€é”™è¯¯SQLã€‘
select * from xinhu_ where 1=1  0ÓĞe    order by  id desc    limit 0,15

ã€åŸå› ã€‘
You have an error in your SQL syntax; check the manual that corresponds to your MySQL server version for the right syntax to use near '0??e    order by  id desc    limit 0,15' at line 1

ã€URLã€‘
http://localhost/newxinhu/index.php?a=publicstore&m=view&d=main&ajaxbool=true&rnd=518776

ã€POSTã€‘
[tablename_abc]ï¼šmd0edm0efd0eel0edd0hm0ik0edl0ede0kf0lf0edl0ml0eed0le0il03
[defaultorder]ï¼š
[keywhere]ï¼š
[where]ï¼šop0on0lj0hgn0nj0nh0kp0hho0pg0nh0om0hhi0pg0mo0ko0lh0no0hhp0lo0lo06
[sort]ï¼šid
[dir]ï¼šdesc
[loadci]ï¼š2
[storebeforeaction]ï¼š
[storeafteraction]ï¼šafterstroesss
[modenum]ï¼š
[start]ï¼š0
[page]ï¼š1
[limit]ï¼š15

ã€IPã€‘
::1

ã€æµè§ˆå™¨ã€‘
Mozilla/5.0 (Windows NT 10.0; WOW64) AppleWebKit/537.36 (KHTML, like Gecko) Chrome/65.0.3325.162 Safari/537.36